<?xml version="1.0" encoding="UTF-8"?>
<testsuite xmlns:xsi="http://www.w3.org/2001/XMLSchema-instance" xsi:noNamespaceSchemaLocation="https://maven.apache.org/surefire/maven-surefire-plugin/xsd/surefire-test-report-3.0.xsd" version="3.0" name="com.toholanka.inventorybackend.InventoryBackendApplicationTests" time="9.237" tests="1" errors="0" skipped="0" failures="0">
  <properties>
[...]
</properties>
  <testcase name="contextLoads" classname="com.toholanka.inventorybackend.InventoryBackendApplicationTests" time="0.79">
    <system-out><![CDATA[09:15:47.722 [main] INFO org.springframework.test.context.support.AnnotationConfigContextLoaderUtils -- Could not detect default configuration classes for test class [com.toholanka.inventorybackend.InventoryBackendApplicationTests]: InventoryBackendApplicationTests does not declare any static, non-private, non-final, nested classes annotated with @Configuration.
09:15:47.904 [main] INFO org.springframework.boot.test.context.SpringBootTestContextBootstrapper -- Found @SpringBootConfiguration com.toholanka.inventorybackend.InventoryBackendApplication for test class com.toholanka.inventorybackend.InventoryBackendApplicationTests
09:15:48.184 [main] INFO org.springframework.boot.devtools.restart.RestartApplicationListener -- Restart disabled due to context in which it is running

  .   ____          _            __ _ _
 /\\ / ___'_ __ _ _(_)_ __  __ _ \ \ \ \
( ( )\___ | '_ | '_| | '_ \/ _` | \ \ \ \
 \\/  ___)| |_)| | | | | || (_| |  ) ) ) )
  '  |____| .__|_| |_|_| |_\__, | / / / /
 =========|_|==============|___/=/_/_/_/
 :: Spring Boot ::       (v3.2.3-SNAPSHOT)

2024-02-20T09:15:48.605+05:30  INFO 12616 --- [           main] c.t.i.InventoryBackendApplicationTests   : Starting InventoryBackendApplicationTests using Java 21.0.1 with PID 12616 (started by tisha in D:\Project\TOHO-LANKA -V2\inventory-backend)
2024-02-20T09:15:48.606+05:30  INFO 12616 --- [           main] c.t.i.InventoryBackendApplicationTests   : No active profile set, falling back to 1 default profile: "default"
2024-02-20T09:15:49.809+05:30  INFO 12616 --- [           main] .s.d.r.c.RepositoryConfigurationDelegate : Bootstrapping Spring Data JPA repositories in DEFAULT mode.
2024-02-20T09:15:49.936+05:30  INFO 12616 --- [           main] .s.d.r.c.RepositoryConfigurationDelegate : Finished Spring Data repository scanning in 108 ms. Found 4 JPA repository interfaces.
2024-02-20T09:15:50.748+05:30  INFO 12616 --- [           main] o.hibernate.jpa.internal.util.LogHelper  : HHH000204: Processing PersistenceUnitInfo [name: default]
2024-02-20T09:15:50.866+05:30  INFO 12616 --- [           main] org.hibernate.Version                    : HHH000412: Hibernate ORM core version 6.4.4.Final
2024-02-20T09:15:50.954+05:30  INFO 12616 --- [           main] o.h.c.internal.RegionFactoryInitiator    : HHH000026: Second-level cache disabled
2024-02-20T09:15:51.427+05:30  INFO 12616 --- [           main] o.s.o.j.p.SpringPersistenceUnitInfo      : No LoadTimeWeaver setup: ignoring JPA class transformer
2024-02-20T09:15:51.474+05:30  INFO 12616 --- [           main] com.zaxxer.hikari.HikariDataSource       : HikariPool-1 - Starting...
2024-02-20T09:15:52.233+05:30  INFO 12616 --- [           main] com.zaxxer.hikari.pool.HikariPool        : HikariPool-1 - Added connection com.mysql.cj.jdbc.ConnectionImpl@3b362f1
2024-02-20T09:15:52.236+05:30  INFO 12616 --- [           main] com.zaxxer.hikari.HikariDataSource       : HikariPool-1 - Start completed.
2024-02-20T09:15:53.756+05:30  INFO 12616 --- [           main] o.h.e.t.j.p.i.JtaPlatformInitiator       : HHH000489: No JTA platform available (set 'hibernate.transaction.jta.platform' to enable JTA platform integration)
2024-02-20T09:15:53.875+05:30  INFO 12616 --- [           main] j.LocalContainerEntityManagerFactoryBean : Initialized JPA EntityManagerFactory for persistence unit 'default'
2024-02-20T09:15:54.868+05:30  WARN 12616 --- [           main] JpaBaseConfiguration$JpaWebConfiguration : spring.jpa.open-in-view is enabled by default. Therefore, database queries may be performed during view rendering. Explicitly configure spring.jpa.open-in-view to disable this warning
2024-02-20T09:15:55.523+05:30  INFO 12616 --- [           main] c.t.i.InventoryBackendApplicationTests   : Started InventoryBackendApplicationTests in 7.361 seconds (process running for 8.913)
]]></system-out>
    <system-err><![CDATA[WARNING: A Java agent has been loaded dynamically (C:\Users\tisha\.m2\repository\net\bytebuddy\byte-buddy-agent\1.14.11\byte-buddy-agent-1.14.11.jar)
WARNING: If a serviceability tool is in use, please run with -XX:+EnableDynamicAgentLoading to hide this warning
WARNING: If a serviceability tool is not in use, please run with -Djdk.instrument.traceUsage for more information
WARNING: Dynamic loading of agents will be disallowed by default in a future release
]]></system-err>
  </testcase>
</testsuite>